{
  "stats": {
    "suites": 1,
    "tests": 1,
    "passes": 1,
    "pending": 0,
    "failures": 0,
    "start": "2022-12-06T22:57:23.647Z",
    "end": "2022-12-06T22:57:24.398Z",
    "duration": 751,
    "testsRegistered": 1,
    "passPercent": 100,
    "pendingPercent": 0,
    "other": 0,
    "hasOther": false,
    "skipped": 0,
    "hasSkipped": false
  },
  "results": [
    {
      "uuid": "2298b13f-bd6a-430f-b9b9-47b6d8a10e0f",
      "title": "",
      "fullFile": "cypress/e2e/app.cy.ts",
      "file": "cypress/e2e/app.cy.ts",
      "beforeHooks": [],
      "afterHooks": [],
      "tests": [],
      "suites": [
        {
          "uuid": "549fd7bd-98b9-4cee-9be0-37dae475a5e2",
          "title": "Navigation",
          "fullFile": "",
          "file": "",
          "beforeHooks": [],
          "afterHooks": [],
          "tests": [
            {
              "title": "should navigate to the about page",
              "fullTitle": "Navigation should navigate to the about page",
              "timedOut": null,
              "duration": 737,
              "state": "passed",
              "speed": "fast",
              "pass": true,
              "fail": false,
              "pending": false,
              "context": null,
              "code": "// Start from the index page\ncy.visit('http://localhost:3000/');\n// Find a link with an href attribute containing \"about\" and click it\ncy.get('a[href*=\"about\"]').click();\n// The new url should include \"/about\"\ncy.url().should('include', '/about');\n// The new page should contain an h1 with \"About page\"\ncy.get('h1').contains('About Page');",
              "err": {},
              "uuid": "8801071e-1e1c-46bb-a808-4326aad5698b",
              "parentUUID": "549fd7bd-98b9-4cee-9be0-37dae475a5e2",
              "isHook": false,
              "skipped": false
            }
          ],
          "suites": [],
          "passes": [
            "8801071e-1e1c-46bb-a808-4326aad5698b"
          ],
          "failures": [],
          "pending": [],
          "skipped": [],
          "duration": 737,
          "root": false,
          "rootEmpty": false,
          "_timeout": 2000
        }
      ],
      "passes": [],
      "failures": [],
      "pending": [],
      "skipped": [],
      "duration": 0,
      "root": true,
      "rootEmpty": true,
      "_timeout": 2000
    }
  ],
  "meta": {
    "mocha": {
      "version": "7.0.1"
    },
    "mochawesome": {
      "options": {
        "quiet": false,
        "reportFilename": "mochawesome",
        "saveHtml": false,
        "saveJson": true,
        "consoleReporter": "spec",
        "useInlineDiffs": false,
        "code": true
      },
      "version": "7.1.3"
    },
    "marge": {
      "options": {
        "id": "default",
        "reportDir": "cypress/results/json",
        "overwrite": false,
        "html": false,
        "json": true
      },
      "version": "6.2.0"
    }
  }
}